Namespace(aim_repo=None, aim_run_hash=None, align_suffix=None, alignfile=None, all_gather_list_size=16384, amp=False, amp_batch_retries=2, amp_init_scale=128, amp_scale_window=None, azureml_logging=False, bf16=False, bpe=None, cpu=False, criterion='cross_entropy', dataset_impl='mmap', destdir='data_bin', dict_only=False, empty_cache_freq=0, fp16=False, fp16_init_scale=128, fp16_no_flatten_grads=False, fp16_scale_tolerance=0.0, fp16_scale_window=None, joined_dictionary=False, log_file=None, log_format=None, log_interval=100, lr_scheduler='fixed', memory_efficient_bf16=False, memory_efficient_fp16=False, min_loss_scale=0.0001, model_parallel_size=1, no_progress_bar=False, nwordssrc=-1, nwordstgt=-1, on_cpu_convert_precision=False, only_source=False, optimizer=None, padding_factor=8, plasma_path='/tmp/plasma', profile=False, quantization_config_path=None, reset_logging=False, scoring='bleu', seed=1, simul_type=None, source_lang='evn', srcdict='data_dict.128k.txt', suppress_crashes=False, target_lang='ru', task='translation', tensorboard_logdir=None, testpref=None, tgtdict='data_dict.128k.txt', threshold_loss_scale=None, thresholdsrc=0, thresholdtgt=0, tokenizer=None, tpu=False, trainpref='spm_encode/train', use_plasma_view=False, user_dir=None, validpref='spm_encode/val', wandb_project=None, workers=1)
[evn] Dictionary: 128004 types
[evn] spm_encode/train.evn: 6475 sents, 108072 tokens, 7.62% replaced (by <unk>)
[evn] Dictionary: 128004 types
[evn] spm_encode/val.evn: 332 sents, 5306 tokens, 7.73% replaced (by <unk>)
[ru] Dictionary: 128004 types
[ru] spm_encode/train.ru: 6475 sents, 64971 tokens, 0.0% replaced (by <unk>)
[ru] Dictionary: 128004 types
[ru] spm_encode/val.ru: 332 sents, 3182 tokens, 0.0% replaced (by <unk>)
Wrote preprocessed data to data_bin
Namespace(aim_repo=None, aim_run_hash=None, align_suffix=None, alignfile=None, all_gather_list_size=16384, amp=False, amp_batch_retries=2, amp_init_scale=128, amp_scale_window=None, azureml_logging=False, bf16=False, bpe=None, cpu=False, criterion='cross_entropy', dataset_impl='mmap', destdir='data_bin', dict_only=False, empty_cache_freq=0, fp16=False, fp16_init_scale=128, fp16_no_flatten_grads=False, fp16_scale_tolerance=0.0, fp16_scale_window=None, joined_dictionary=False, log_file=None, log_format=None, log_interval=100, lr_scheduler='fixed', memory_efficient_bf16=False, memory_efficient_fp16=False, min_loss_scale=0.0001, model_parallel_size=1, no_progress_bar=False, nwordssrc=-1, nwordstgt=-1, on_cpu_convert_precision=False, only_source=False, optimizer=None, padding_factor=8, plasma_path='/tmp/plasma', profile=False, quantization_config_path=None, reset_logging=False, scoring='bleu', seed=1, simul_type=None, source_lang='evn', srcdict='data_dict.128k.txt', suppress_crashes=False, target_lang='ru', task='translation', tensorboard_logdir=None, testpref=None, tgtdict='data_dict.128k.txt', threshold_loss_scale=None, thresholdsrc=0, thresholdtgt=0, tokenizer=None, tpu=False, trainpref='spm_encode/train', use_plasma_view=False, user_dir=None, validpref='spm_encode/val', wandb_project=None, workers=1)
[evn] Dictionary: 128004 types
[evn] spm_encode/train.evn: 6475 sents, 108072 tokens, 7.62% replaced (by <unk>)
[evn] Dictionary: 128004 types
[evn] spm_encode/val.evn: 332 sents, 5306 tokens, 7.73% replaced (by <unk>)
[ru] Dictionary: 128004 types
[ru] spm_encode/train.ru: 6475 sents, 64971 tokens, 0.0% replaced (by <unk>)
[ru] Dictionary: 128004 types
[ru] spm_encode/val.ru: 332 sents, 3182 tokens, 0.0% replaced (by <unk>)
Wrote preprocessed data to data_bin
Namespace(aim_repo=None, aim_run_hash=None, align_suffix=None, alignfile=None, all_gather_list_size=16384, amp=False, amp_batch_retries=2, amp_init_scale=128, amp_scale_window=None, azureml_logging=False, bf16=False, bpe=None, cpu=False, criterion='cross_entropy', dataset_impl='mmap', destdir='data_bin', dict_only=False, empty_cache_freq=0, fp16=False, fp16_init_scale=128, fp16_no_flatten_grads=False, fp16_scale_tolerance=0.0, fp16_scale_window=None, joined_dictionary=False, log_file=None, log_format=None, log_interval=100, lr_scheduler='fixed', memory_efficient_bf16=False, memory_efficient_fp16=False, min_loss_scale=0.0001, model_parallel_size=1, no_progress_bar=False, nwordssrc=-1, nwordstgt=-1, on_cpu_convert_precision=False, only_source=False, optimizer=None, padding_factor=8, plasma_path='/tmp/plasma', profile=False, quantization_config_path=None, reset_logging=False, scoring='bleu', seed=1, simul_type=None, source_lang='evn', srcdict='data_dict.128k.txt', suppress_crashes=False, target_lang='ru', task='translation', tensorboard_logdir=None, testpref=None, tgtdict='data_dict.128k.txt', threshold_loss_scale=None, thresholdsrc=0, thresholdtgt=0, tokenizer=None, tpu=False, trainpref='spm_encode/train', use_plasma_view=False, user_dir=None, validpref='spm_encode/val', wandb_project=None, workers=1)
[evn] Dictionary: 128004 types
[evn] spm_encode/train.evn: 6475 sents, 108072 tokens, 7.62% replaced (by <unk>)
[evn] Dictionary: 128004 types
[evn] spm_encode/val.evn: 332 sents, 5306 tokens, 7.73% replaced (by <unk>)
[ru] Dictionary: 128004 types
[ru] spm_encode/train.ru: 6475 sents, 64971 tokens, 0.0% replaced (by <unk>)
[ru] Dictionary: 128004 types
[ru] spm_encode/val.ru: 332 sents, 3182 tokens, 0.0% replaced (by <unk>)
Wrote preprocessed data to data_bin
Namespace(aim_repo=None, aim_run_hash=None, align_suffix=None, alignfile=None, all_gather_list_size=16384, amp=False, amp_batch_retries=2, amp_init_scale=128, amp_scale_window=None, azureml_logging=False, bf16=False, bpe=None, cpu=False, criterion='cross_entropy', dataset_impl='mmap', destdir='data_bin', dict_only=False, empty_cache_freq=0, fp16=False, fp16_init_scale=128, fp16_no_flatten_grads=False, fp16_scale_tolerance=0.0, fp16_scale_window=None, joined_dictionary=False, log_file=None, log_format=None, log_interval=100, lr_scheduler='fixed', memory_efficient_bf16=False, memory_efficient_fp16=False, min_loss_scale=0.0001, model_parallel_size=1, no_progress_bar=False, nwordssrc=-1, nwordstgt=-1, on_cpu_convert_precision=False, only_source=True, optimizer=None, padding_factor=8, plasma_path='/tmp/plasma', profile=False, quantization_config_path=None, reset_logging=False, scoring='bleu', seed=1, simul_type=None, source_lang='evn', srcdict='data_dict.128k.txt', suppress_crashes=False, target_lang='ru', task='translation', tensorboard_logdir=None, testpref='evenki_txt', tgtdict='data_dict.128k.txt', threshold_loss_scale=None, thresholdsrc=0, thresholdtgt=0, tokenizer=None, tpu=False, trainpref=None, use_plasma_view=False, user_dir=None, validpref=None, wandb_project=None, workers=1)
[evn] Dictionary: 128004 types
[evn] evenki_txt.evn: 21 sents, 304 tokens, 7.57% replaced (by <unk>)
Wrote preprocessed data to data_bin
Namespace(aim_repo=None, aim_run_hash=None, align_suffix=None, alignfile=None, all_gather_list_size=16384, amp=False, amp_batch_retries=2, amp_init_scale=128, amp_scale_window=None, azureml_logging=False, bf16=False, bpe=None, cpu=False, criterion='cross_entropy', dataset_impl='mmap', destdir='data_bin', dict_only=False, empty_cache_freq=0, fp16=False, fp16_init_scale=128, fp16_no_flatten_grads=False, fp16_scale_tolerance=0.0, fp16_scale_window=None, joined_dictionary=False, log_file=None, log_format=None, log_interval=100, lr_scheduler='fixed', memory_efficient_bf16=False, memory_efficient_fp16=False, min_loss_scale=0.0001, model_parallel_size=1, no_progress_bar=False, nwordssrc=-1, nwordstgt=-1, on_cpu_convert_precision=False, only_source=True, optimizer=None, padding_factor=8, plasma_path='/tmp/plasma', profile=False, quantization_config_path=None, reset_logging=False, scoring='bleu', seed=1, simul_type=None, source_lang='evn', srcdict='data_dict.128k.txt', suppress_crashes=False, target_lang='ru', task='translation', tensorboard_logdir=None, testpref='evenki_txt', tgtdict='data_dict.128k.txt', threshold_loss_scale=None, thresholdsrc=0, thresholdtgt=0, tokenizer=None, tpu=False, trainpref=None, use_plasma_view=False, user_dir=None, validpref=None, wandb_project=None, workers=1)
[evn] Dictionary: 128013 types
[evn] evenki_txt.evn: 21 sents, 304 tokens, 7.57% replaced (by <unk>)
Wrote preprocessed data to data_bin
Namespace(aim_repo=None, aim_run_hash=None, align_suffix=None, alignfile=None, all_gather_list_size=16384, amp=False, amp_batch_retries=2, amp_init_scale=128, amp_scale_window=None, azureml_logging=False, bf16=False, bpe=None, cpu=False, criterion='cross_entropy', dataset_impl='mmap', destdir='data_bin', dict_only=False, empty_cache_freq=0, fp16=False, fp16_init_scale=128, fp16_no_flatten_grads=False, fp16_scale_tolerance=0.0, fp16_scale_window=None, joined_dictionary=False, log_file=None, log_format=None, log_interval=100, lr_scheduler='fixed', memory_efficient_bf16=False, memory_efficient_fp16=False, min_loss_scale=0.0001, model_parallel_size=1, no_progress_bar=False, nwordssrc=-1, nwordstgt=-1, on_cpu_convert_precision=False, only_source=True, optimizer=None, padding_factor=8, plasma_path='/tmp/plasma', profile=False, quantization_config_path=None, reset_logging=False, scoring='bleu', seed=1, simul_type=None, source_lang='evn', srcdict='data_dict.128k.txt', suppress_crashes=False, target_lang='ru', task='translation', tensorboard_logdir=None, testpref='evenki_txt', tgtdict='data_dict.128k.txt', threshold_loss_scale=None, thresholdsrc=0, thresholdtgt=0, tokenizer=None, tpu=False, trainpref=None, use_plasma_view=False, user_dir=None, validpref=None, wandb_project=None, workers=1)
[evn] Dictionary: 128004 types
[evn] evenki_txt.evn: 21 sents, 304 tokens, 7.57% replaced (by <unk>)
Wrote preprocessed data to data_bin
Namespace(aim_repo=None, aim_run_hash=None, align_suffix=None, alignfile=None, all_gather_list_size=16384, amp=False, amp_batch_retries=2, amp_init_scale=128, amp_scale_window=None, azureml_logging=False, bf16=False, bpe=None, cpu=False, criterion='cross_entropy', dataset_impl='mmap', destdir='data_bin', dict_only=False, empty_cache_freq=0, fp16=False, fp16_init_scale=128, fp16_no_flatten_grads=False, fp16_scale_tolerance=0.0, fp16_scale_window=None, joined_dictionary=False, log_file=None, log_format=None, log_interval=100, lr_scheduler='fixed', memory_efficient_bf16=False, memory_efficient_fp16=False, min_loss_scale=0.0001, model_parallel_size=1, no_progress_bar=False, nwordssrc=-1, nwordstgt=-1, on_cpu_convert_precision=False, only_source=True, optimizer=None, padding_factor=8, plasma_path='/tmp/plasma', profile=False, quantization_config_path=None, reset_logging=False, scoring='bleu', seed=1, simul_type=None, source_lang='evn', srcdict='data_dict.128k.txt', suppress_crashes=False, target_lang='ru', task='translation', tensorboard_logdir=None, testpref='evenki_txt', tgtdict='data_dict.128k.txt', threshold_loss_scale=None, thresholdsrc=0, thresholdtgt=0, tokenizer=None, tpu=False, trainpref=None, use_plasma_view=False, user_dir=None, validpref=None, wandb_project=None, workers=1)
[evn] Dictionary: 128004 types
[evn] evenki_txt.evn: 4 sents, 49 tokens, 10.2% replaced (by <unk>)
Wrote preprocessed data to data_bin
Namespace(aim_repo=None, aim_run_hash=None, align_suffix=None, alignfile=None, all_gather_list_size=16384, amp=False, amp_batch_retries=2, amp_init_scale=128, amp_scale_window=None, azureml_logging=False, bf16=False, bpe=None, cpu=False, criterion='cross_entropy', dataset_impl='mmap', destdir='data_bin', dict_only=False, empty_cache_freq=0, fp16=False, fp16_init_scale=128, fp16_no_flatten_grads=False, fp16_scale_tolerance=0.0, fp16_scale_window=None, joined_dictionary=False, log_file=None, log_format=None, log_interval=100, lr_scheduler='fixed', memory_efficient_bf16=False, memory_efficient_fp16=False, min_loss_scale=0.0001, model_parallel_size=1, no_progress_bar=False, nwordssrc=-1, nwordstgt=-1, on_cpu_convert_precision=False, only_source=False, optimizer=None, padding_factor=8, plasma_path='/tmp/plasma', profile=False, quantization_config_path=None, reset_logging=False, scoring='bleu', seed=1, simul_type=None, source_lang='evn', srcdict='data_dict.128k.txt', suppress_crashes=False, target_lang='ru', task='translation', tensorboard_logdir=None, testpref=None, tgtdict='data_dict.128k.txt', threshold_loss_scale=None, thresholdsrc=0, thresholdtgt=0, tokenizer=None, tpu=False, trainpref='spm_encode/train', use_plasma_view=False, user_dir=None, validpref='spm_encode/val', wandb_project=None, workers=1)
[evn] Dictionary: 128004 types
[evn] spm_encode/train.evn: 6460 sents, 107979 tokens, 7.63% replaced (by <unk>)
[evn] Dictionary: 128004 types
[evn] spm_encode/val.evn: 345 sents, 5362 tokens, 7.48% replaced (by <unk>)
[ru] Dictionary: 128004 types
[ru] spm_encode/train.ru: 6460 sents, 64862 tokens, 0.0% replaced (by <unk>)
[ru] Dictionary: 128004 types
[ru] spm_encode/val.ru: 345 sents, 3281 tokens, 0.0% replaced (by <unk>)
Wrote preprocessed data to data_bin
Namespace(aim_repo=None, aim_run_hash=None, align_suffix=None, alignfile=None, all_gather_list_size=16384, amp=False, amp_batch_retries=2, amp_init_scale=128, amp_scale_window=None, azureml_logging=False, bf16=False, bpe=None, cpu=False, criterion='cross_entropy', dataset_impl='mmap', destdir='data_bin', dict_only=False, empty_cache_freq=0, fp16=False, fp16_init_scale=128, fp16_no_flatten_grads=False, fp16_scale_tolerance=0.0, fp16_scale_window=None, joined_dictionary=False, log_file=None, log_format=None, log_interval=100, lr_scheduler='fixed', memory_efficient_bf16=False, memory_efficient_fp16=False, min_loss_scale=0.0001, model_parallel_size=1, no_progress_bar=False, nwordssrc=-1, nwordstgt=-1, on_cpu_convert_precision=False, only_source=True, optimizer=None, padding_factor=8, plasma_path='/tmp/plasma', profile=False, quantization_config_path=None, reset_logging=False, scoring='bleu', seed=1, simul_type=None, source_lang='evn', srcdict='data_dict.128k.txt', suppress_crashes=False, target_lang='ru', task='translation', tensorboard_logdir=None, testpref='evenki_txt', tgtdict='data_dict.128k.txt', threshold_loss_scale=None, thresholdsrc=0, thresholdtgt=0, tokenizer=None, tpu=False, trainpref=None, use_plasma_view=False, user_dir=None, validpref=None, wandb_project=None, workers=1)
[evn] Dictionary: 128004 types
[evn] evenki_txt.evn: 21 sents, 308 tokens, 8.77% replaced (by <unk>)
Wrote preprocessed data to data_bin
Namespace(aim_repo=None, aim_run_hash=None, align_suffix=None, alignfile=None, all_gather_list_size=16384, amp=False, amp_batch_retries=2, amp_init_scale=128, amp_scale_window=None, azureml_logging=False, bf16=False, bpe=None, cpu=False, criterion='cross_entropy', dataset_impl='mmap', destdir='data_bin', dict_only=False, empty_cache_freq=0, fp16=False, fp16_init_scale=128, fp16_no_flatten_grads=False, fp16_scale_tolerance=0.0, fp16_scale_window=None, joined_dictionary=False, log_file=None, log_format=None, log_interval=100, lr_scheduler='fixed', memory_efficient_bf16=False, memory_efficient_fp16=False, min_loss_scale=0.0001, model_parallel_size=1, no_progress_bar=False, nwordssrc=-1, nwordstgt=-1, on_cpu_convert_precision=False, only_source=True, optimizer=None, padding_factor=8, plasma_path='/tmp/plasma', profile=False, quantization_config_path=None, reset_logging=False, scoring='bleu', seed=1, simul_type=None, source_lang='evn', srcdict='data_dict.128k.txt', suppress_crashes=False, target_lang='ru', task='translation', tensorboard_logdir=None, testpref='evenki_txt', tgtdict='data_dict.128k.txt', threshold_loss_scale=None, thresholdsrc=0, thresholdtgt=0, tokenizer=None, tpu=False, trainpref=None, use_plasma_view=False, user_dir=None, validpref=None, wandb_project=None, workers=1)
[evn] Dictionary: 128004 types
[evn] evenki_txt.evn: 21 sents, 308 tokens, 8.77% replaced (by <unk>)
Wrote preprocessed data to data_bin
Namespace(aim_repo=None, aim_run_hash=None, align_suffix=None, alignfile=None, all_gather_list_size=16384, amp=False, amp_batch_retries=2, amp_init_scale=128, amp_scale_window=None, azureml_logging=False, bf16=False, bpe=None, cpu=False, criterion='cross_entropy', dataset_impl='mmap', destdir='data_bin', dict_only=False, empty_cache_freq=0, fp16=False, fp16_init_scale=128, fp16_no_flatten_grads=False, fp16_scale_tolerance=0.0, fp16_scale_window=None, joined_dictionary=False, log_file=None, log_format=None, log_interval=100, lr_scheduler='fixed', memory_efficient_bf16=False, memory_efficient_fp16=False, min_loss_scale=0.0001, model_parallel_size=1, no_progress_bar=False, nwordssrc=-1, nwordstgt=-1, on_cpu_convert_precision=False, only_source=False, optimizer=None, padding_factor=8, plasma_path='/tmp/plasma', profile=False, quantization_config_path=None, reset_logging=False, scoring='bleu', seed=1, simul_type=None, source_lang='evn', srcdict='data_dict.128k.txt', suppress_crashes=False, target_lang='ru', task='translation', tensorboard_logdir=None, testpref=None, tgtdict='data_dict.128k.txt', threshold_loss_scale=None, thresholdsrc=0, thresholdtgt=0, tokenizer=None, tpu=False, trainpref='spm_encode/train', use_plasma_view=False, user_dir=None, validpref='spm_encode/val', wandb_project=None, workers=1)
[evn] Dictionary: 128004 types
[evn] spm_encode/train.evn: 6430 sents, 106925 tokens, 7.6% replaced (by <unk>)
[evn] Dictionary: 128004 types
[evn] spm_encode/val.evn: 200 sents, 3535 tokens, 7.89% replaced (by <unk>)
[ru] Dictionary: 128004 types
[ru] spm_encode/train.ru: 6430 sents, 64289 tokens, 0.0% replaced (by <unk>)
[ru] Dictionary: 128004 types
[ru] spm_encode/val.ru: 200 sents, 2120 tokens, 0.0% replaced (by <unk>)
Wrote preprocessed data to data_bin
Namespace(aim_repo=None, aim_run_hash=None, align_suffix=None, alignfile=None, all_gather_list_size=16384, amp=False, amp_batch_retries=2, amp_init_scale=128, amp_scale_window=None, azureml_logging=False, bf16=False, bpe=None, cpu=False, criterion='cross_entropy', dataset_impl='mmap', destdir='data_bin', dict_only=False, empty_cache_freq=0, fp16=False, fp16_init_scale=128, fp16_no_flatten_grads=False, fp16_scale_tolerance=0.0, fp16_scale_window=None, joined_dictionary=False, log_file=None, log_format=None, log_interval=100, lr_scheduler='fixed', memory_efficient_bf16=False, memory_efficient_fp16=False, min_loss_scale=0.0001, model_parallel_size=1, no_progress_bar=False, nwordssrc=-1, nwordstgt=-1, on_cpu_convert_precision=False, only_source=True, optimizer=None, padding_factor=8, plasma_path='/tmp/plasma', profile=False, quantization_config_path=None, reset_logging=False, scoring='bleu', seed=1, simul_type=None, source_lang='evn', srcdict='data_dict.128k.txt', suppress_crashes=False, target_lang='ru', task='translation', tensorboard_logdir=None, testpref='evenki_txt', tgtdict='data_dict.128k.txt', threshold_loss_scale=None, thresholdsrc=0, thresholdtgt=0, tokenizer=None, tpu=False, trainpref=None, use_plasma_view=False, user_dir=None, validpref=None, wandb_project=None, workers=1)
[evn] Dictionary: 128004 types
[evn] evenki_txt.evn: 206 sents, 3280 tokens, 8.08% replaced (by <unk>)
Wrote preprocessed data to data_bin
Namespace(aim_repo=None, aim_run_hash=None, align_suffix=None, alignfile=None, all_gather_list_size=16384, amp=False, amp_batch_retries=2, amp_init_scale=128, amp_scale_window=None, azureml_logging=False, bf16=False, bpe=None, cpu=False, criterion='cross_entropy', dataset_impl='mmap', destdir='data_bin', dict_only=False, empty_cache_freq=0, fp16=False, fp16_init_scale=128, fp16_no_flatten_grads=False, fp16_scale_tolerance=0.0, fp16_scale_window=None, joined_dictionary=False, log_file=None, log_format=None, log_interval=100, lr_scheduler='fixed', memory_efficient_bf16=False, memory_efficient_fp16=False, min_loss_scale=0.0001, model_parallel_size=1, no_progress_bar=False, nwordssrc=-1, nwordstgt=-1, on_cpu_convert_precision=False, only_source=False, optimizer=None, padding_factor=8, plasma_path='/tmp/plasma', profile=False, quantization_config_path=None, reset_logging=False, scoring='bleu', seed=1, simul_type=None, source_lang='evn', srcdict='data_dict.128k.txt', suppress_crashes=False, target_lang='ru', task='translation', tensorboard_logdir=None, testpref=None, tgtdict='data_dict.128k.txt', threshold_loss_scale=None, thresholdsrc=0, thresholdtgt=0, tokenizer=None, tpu=False, trainpref='spm_encode/train_s', use_plasma_view=False, user_dir=None, validpref='spm_encode/val_s', wandb_project=None, workers=1)
[evn] Dictionary: 128004 types
[evn] spm_encode/train_s.evn: 1174 sents, 19326 tokens, 8.1% replaced (by <unk>)
[evn] Dictionary: 128004 types
[evn] spm_encode/val_s.evn: 66 sents, 1030 tokens, 7.18% replaced (by <unk>)
[ru] Dictionary: 128004 types
[ru] spm_encode/train_s.ru: 1174 sents, 11694 tokens, 0.0% replaced (by <unk>)
[ru] Dictionary: 128004 types
[ru] spm_encode/val_s.ru: 66 sents, 600 tokens, 0.0% replaced (by <unk>)
Wrote preprocessed data to data_bin
Namespace(aim_repo=None, aim_run_hash=None, align_suffix=None, alignfile=None, all_gather_list_size=16384, amp=False, amp_batch_retries=2, amp_init_scale=128, amp_scale_window=None, azureml_logging=False, bf16=False, bpe=None, cpu=False, criterion='cross_entropy', dataset_impl='mmap', destdir='data_bin', dict_only=False, empty_cache_freq=0, fp16=False, fp16_init_scale=128, fp16_no_flatten_grads=False, fp16_scale_tolerance=0.0, fp16_scale_window=None, joined_dictionary=False, log_file=None, log_format=None, log_interval=100, lr_scheduler='fixed', memory_efficient_bf16=False, memory_efficient_fp16=False, min_loss_scale=0.0001, model_parallel_size=1, no_progress_bar=False, nwordssrc=-1, nwordstgt=-1, on_cpu_convert_precision=False, only_source=False, optimizer=None, padding_factor=8, plasma_path='/tmp/plasma', profile=False, quantization_config_path=None, reset_logging=False, scoring='bleu', seed=1, simul_type=None, source_lang='evn', srcdict='data_dict.128k.txt', suppress_crashes=False, target_lang='ru', task='translation', tensorboard_logdir=None, testpref=None, tgtdict='data_dict.128k.txt', threshold_loss_scale=None, thresholdsrc=0, thresholdtgt=0, tokenizer=None, tpu=False, trainpref='spm_encode/train_s', use_plasma_view=False, user_dir=None, validpref='spm_encode/val_s', wandb_project=None, workers=1)
[evn] Dictionary: 128004 types
[evn] spm_encode/train_s.evn: 1174 sents, 19326 tokens, 8.1% replaced (by <unk>)
[evn] Dictionary: 128004 types
[evn] spm_encode/val_s.evn: 66 sents, 1030 tokens, 7.18% replaced (by <unk>)
[ru] Dictionary: 128004 types
[ru] spm_encode/train_s.ru: 1174 sents, 11694 tokens, 0.0% replaced (by <unk>)
[ru] Dictionary: 128004 types
[ru] spm_encode/val_s.ru: 66 sents, 600 tokens, 0.0% replaced (by <unk>)
Wrote preprocessed data to data_bin
Namespace(aim_repo=None, aim_run_hash=None, align_suffix=None, alignfile=None, all_gather_list_size=16384, amp=False, amp_batch_retries=2, amp_init_scale=128, amp_scale_window=None, azureml_logging=False, bf16=False, bpe=None, cpu=False, criterion='cross_entropy', dataset_impl='mmap', destdir='data_bin', dict_only=False, empty_cache_freq=0, fp16=False, fp16_init_scale=128, fp16_no_flatten_grads=False, fp16_scale_tolerance=0.0, fp16_scale_window=None, joined_dictionary=False, log_file=None, log_format=None, log_interval=100, lr_scheduler='fixed', memory_efficient_bf16=False, memory_efficient_fp16=False, min_loss_scale=0.0001, model_parallel_size=1, no_progress_bar=False, nwordssrc=-1, nwordstgt=-1, on_cpu_convert_precision=False, only_source=False, optimizer=None, padding_factor=8, plasma_path='/tmp/plasma', profile=False, quantization_config_path=None, reset_logging=False, scoring='bleu', seed=1, simul_type=None, source_lang='evn', srcdict='data_dict.128k.txt', suppress_crashes=False, target_lang='ru', task='translation', tensorboard_logdir=None, testpref=None, tgtdict='data_dict.128k.txt', threshold_loss_scale=None, thresholdsrc=0, thresholdtgt=0, tokenizer=None, tpu=False, trainpref='spm_encode/train', use_plasma_view=False, user_dir=None, validpref='spm_encode/val', wandb_project=None, workers=1)
[evn] Dictionary: 128012 types
[evn] spm_encode/train.evn: 6430 sents, 106925 tokens, 7.6% replaced (by <unk>)
[evn] Dictionary: 128012 types
[evn] spm_encode/val.evn: 200 sents, 3535 tokens, 7.89% replaced (by <unk>)
[ru] Dictionary: 128012 types
[ru] spm_encode/train.ru: 6430 sents, 64289 tokens, 0.0% replaced (by <unk>)
[ru] Dictionary: 128012 types
[ru] spm_encode/val.ru: 200 sents, 2120 tokens, 0.0% replaced (by <unk>)
Wrote preprocessed data to data_bin
Namespace(aim_repo=None, aim_run_hash=None, align_suffix=None, alignfile=None, all_gather_list_size=16384, amp=False, amp_batch_retries=2, amp_init_scale=128, amp_scale_window=None, azureml_logging=False, bf16=False, bpe=None, cpu=False, criterion='cross_entropy', dataset_impl='mmap', destdir='data_bin', dict_only=False, empty_cache_freq=0, fp16=False, fp16_init_scale=128, fp16_no_flatten_grads=False, fp16_scale_tolerance=0.0, fp16_scale_window=None, joined_dictionary=False, log_file=None, log_format=None, log_interval=100, lr_scheduler='fixed', memory_efficient_bf16=False, memory_efficient_fp16=False, min_loss_scale=0.0001, model_parallel_size=1, no_progress_bar=False, nwordssrc=-1, nwordstgt=-1, on_cpu_convert_precision=False, only_source=False, optimizer=None, padding_factor=8, plasma_path='/tmp/plasma', profile=False, quantization_config_path=None, reset_logging=False, scoring='bleu', seed=1, simul_type=None, source_lang='evn', srcdict='data_dict.128k.txt', suppress_crashes=False, target_lang='ru', task='translation', tensorboard_logdir=None, testpref=None, tgtdict='data_dict.128k.txt', threshold_loss_scale=None, thresholdsrc=0, thresholdtgt=0, tokenizer=None, tpu=False, trainpref='spm_encode/train', use_plasma_view=False, user_dir=None, validpref='spm_encode/val', wandb_project=None, workers=1)
[evn] Dictionary: 128012 types
[evn] spm_encode/train.evn: 6430 sents, 106925 tokens, 7.6% replaced (by <unk>)
[evn] Dictionary: 128012 types
[evn] spm_encode/val.evn: 200 sents, 3535 tokens, 7.89% replaced (by <unk>)
[ru] Dictionary: 128012 types
[ru] spm_encode/train.ru: 6430 sents, 64289 tokens, 0.0% replaced (by <unk>)
[ru] Dictionary: 128012 types
[ru] spm_encode/val.ru: 200 sents, 2120 tokens, 0.0% replaced (by <unk>)
Wrote preprocessed data to data_bin
Namespace(aim_repo=None, aim_run_hash=None, align_suffix=None, alignfile=None, all_gather_list_size=16384, amp=False, amp_batch_retries=2, amp_init_scale=128, amp_scale_window=None, azureml_logging=False, bf16=False, bpe=None, cpu=False, criterion='cross_entropy', dataset_impl='mmap', destdir='data_bin', dict_only=False, empty_cache_freq=0, fp16=False, fp16_init_scale=128, fp16_no_flatten_grads=False, fp16_scale_tolerance=0.0, fp16_scale_window=None, joined_dictionary=False, log_file=None, log_format=None, log_interval=100, lr_scheduler='fixed', memory_efficient_bf16=False, memory_efficient_fp16=False, min_loss_scale=0.0001, model_parallel_size=1, no_progress_bar=False, nwordssrc=-1, nwordstgt=-1, on_cpu_convert_precision=False, only_source=False, optimizer=None, padding_factor=8, plasma_path='/tmp/plasma', profile=False, quantization_config_path=None, reset_logging=False, scoring='bleu', seed=1, simul_type=None, source_lang='evn', srcdict='data_dict.128k.txt', suppress_crashes=False, target_lang='ru', task='translation', tensorboard_logdir=None, testpref=None, tgtdict='data_dict.128k.txt', threshold_loss_scale=None, thresholdsrc=0, thresholdtgt=0, tokenizer=None, tpu=False, trainpref='spm_encode/train', use_plasma_view=False, user_dir=None, validpref='spm_encode/val', wandb_project=None, workers=1)
[evn] Dictionary: 128011 types
[evn] spm_encode/train.evn: 6430 sents, 106925 tokens, 7.6% replaced (by <unk>)
[evn] Dictionary: 128011 types
[evn] spm_encode/val.evn: 200 sents, 3535 tokens, 7.89% replaced (by <unk>)
[ru] Dictionary: 128011 types
[ru] spm_encode/train.ru: 6430 sents, 64289 tokens, 0.0% replaced (by <unk>)
[ru] Dictionary: 128011 types
[ru] spm_encode/val.ru: 200 sents, 2120 tokens, 0.0% replaced (by <unk>)
Wrote preprocessed data to data_bin
Namespace(aim_repo=None, aim_run_hash=None, align_suffix=None, alignfile=None, all_gather_list_size=16384, amp=False, amp_batch_retries=2, amp_init_scale=128, amp_scale_window=None, azureml_logging=False, bf16=False, bpe=None, cpu=False, criterion='cross_entropy', dataset_impl='mmap', destdir='data_bin', dict_only=False, empty_cache_freq=0, fp16=False, fp16_init_scale=128, fp16_no_flatten_grads=False, fp16_scale_tolerance=0.0, fp16_scale_window=None, joined_dictionary=False, log_file=None, log_format=None, log_interval=100, lr_scheduler='fixed', memory_efficient_bf16=False, memory_efficient_fp16=False, min_loss_scale=0.0001, model_parallel_size=1, no_progress_bar=False, nwordssrc=-1, nwordstgt=-1, on_cpu_convert_precision=False, only_source=False, optimizer=None, padding_factor=8, plasma_path='/tmp/plasma', profile=False, quantization_config_path=None, reset_logging=False, scoring='bleu', seed=1, simul_type=None, source_lang='evn', srcdict='data_dict.128k.txt', suppress_crashes=False, target_lang='ru', task='translation', tensorboard_logdir=None, testpref=None, tgtdict='data_dict.128k.txt', threshold_loss_scale=None, thresholdsrc=0, thresholdtgt=0, tokenizer=None, tpu=False, trainpref='spm_encode/train_s', use_plasma_view=False, user_dir=None, validpref='spm_encode/val_s', wandb_project=None, workers=1)
[evn] Dictionary: 128011 types
[evn] spm_encode/train_s.evn: 1174 sents, 19326 tokens, 8.1% replaced (by <unk>)
[evn] Dictionary: 128011 types
[evn] spm_encode/val_s.evn: 66 sents, 1030 tokens, 7.18% replaced (by <unk>)
[ru] Dictionary: 128011 types
[ru] spm_encode/train_s.ru: 1174 sents, 11694 tokens, 0.0% replaced (by <unk>)
[ru] Dictionary: 128011 types
[ru] spm_encode/val_s.ru: 66 sents, 600 tokens, 0.0% replaced (by <unk>)
Wrote preprocessed data to data_bin
Namespace(aim_repo=None, aim_run_hash=None, align_suffix=None, alignfile=None, all_gather_list_size=16384, amp=False, amp_batch_retries=2, amp_init_scale=128, amp_scale_window=None, azureml_logging=False, bf16=False, bpe=None, cpu=False, criterion='cross_entropy', dataset_impl='mmap', destdir='data_bin', dict_only=False, empty_cache_freq=0, fp16=False, fp16_init_scale=128, fp16_no_flatten_grads=False, fp16_scale_tolerance=0.0, fp16_scale_window=None, joined_dictionary=False, log_file=None, log_format=None, log_interval=100, lr_scheduler='fixed', memory_efficient_bf16=False, memory_efficient_fp16=False, min_loss_scale=0.0001, model_parallel_size=1, no_progress_bar=False, nwordssrc=-1, nwordstgt=-1, on_cpu_convert_precision=False, only_source=False, optimizer=None, padding_factor=8, plasma_path='/tmp/plasma', profile=False, quantization_config_path=None, reset_logging=False, scoring='bleu', seed=1, simul_type=None, source_lang='evn', srcdict='data_dict.128k.txt', suppress_crashes=False, target_lang='ru', task='translation', tensorboard_logdir=None, testpref=None, tgtdict='data_dict.128k.txt', threshold_loss_scale=None, thresholdsrc=0, thresholdtgt=0, tokenizer=None, tpu=False, trainpref='spm_encode/train_s', use_plasma_view=False, user_dir=None, validpref='spm_encode/val_s', wandb_project=None, workers=1)
[evn] Dictionary: 128012 types
[evn] spm_encode/train_s.evn: 1174 sents, 19326 tokens, 8.1% replaced (by <unk>)
[evn] Dictionary: 128012 types
[evn] spm_encode/val_s.evn: 66 sents, 1030 tokens, 7.18% replaced (by <unk>)
[ru] Dictionary: 128012 types
[ru] spm_encode/train_s.ru: 1174 sents, 11694 tokens, 0.0% replaced (by <unk>)
[ru] Dictionary: 128012 types
[ru] spm_encode/val_s.ru: 66 sents, 600 tokens, 0.0% replaced (by <unk>)
Wrote preprocessed data to data_bin
Namespace(aim_repo=None, aim_run_hash=None, align_suffix=None, alignfile=None, all_gather_list_size=16384, amp=False, amp_batch_retries=2, amp_init_scale=128, amp_scale_window=None, azureml_logging=False, bf16=False, bpe=None, cpu=False, criterion='cross_entropy', dataset_impl='mmap', destdir='data_bin', dict_only=False, empty_cache_freq=0, fp16=False, fp16_init_scale=128, fp16_no_flatten_grads=False, fp16_scale_tolerance=0.0, fp16_scale_window=None, joined_dictionary=False, log_file=None, log_format=None, log_interval=100, lr_scheduler='fixed', memory_efficient_bf16=False, memory_efficient_fp16=False, min_loss_scale=0.0001, model_parallel_size=1, no_progress_bar=False, nwordssrc=-1, nwordstgt=-1, on_cpu_convert_precision=False, only_source=True, optimizer=None, padding_factor=8, plasma_path='/tmp/plasma', profile=False, quantization_config_path=None, reset_logging=False, scoring='bleu', seed=1, simul_type=None, source_lang='evn', srcdict='data_dict.128k.txt', suppress_crashes=False, target_lang='ru', task='translation', tensorboard_logdir=None, testpref='evenki_txt', tgtdict='data_dict.128k.txt', threshold_loss_scale=None, thresholdsrc=0, thresholdtgt=0, tokenizer=None, tpu=False, trainpref=None, use_plasma_view=False, user_dir=None, validpref=None, wandb_project=None, workers=1)
[evn] Dictionary: 128012 types
[evn] evenki_txt.evn: 69 sents, 1109 tokens, 8.12% replaced (by <unk>)
Wrote preprocessed data to data_bin
Namespace(aim_repo=None, aim_run_hash=None, align_suffix=None, alignfile=None, all_gather_list_size=16384, amp=False, amp_batch_retries=2, amp_init_scale=128, amp_scale_window=None, azureml_logging=False, bf16=False, bpe=None, cpu=False, criterion='cross_entropy', dataset_impl='mmap', destdir='data_bin', dict_only=False, empty_cache_freq=0, fp16=False, fp16_init_scale=128, fp16_no_flatten_grads=False, fp16_scale_tolerance=0.0, fp16_scale_window=None, joined_dictionary=False, log_file=None, log_format=None, log_interval=100, lr_scheduler='fixed', memory_efficient_bf16=False, memory_efficient_fp16=False, min_loss_scale=0.0001, model_parallel_size=1, no_progress_bar=False, nwordssrc=-1, nwordstgt=-1, on_cpu_convert_precision=False, only_source=False, optimizer=None, padding_factor=8, plasma_path='/tmp/plasma', profile=False, quantization_config_path=None, reset_logging=False, scoring='bleu', seed=1, simul_type=None, source_lang='mhr', srcdict='mhr_data_dict.128k.txt', suppress_crashes=False, target_lang='ru', task='translation', tensorboard_logdir=None, testpref=None, tgtdict='mhr_data_dict.128k.txt', threshold_loss_scale=None, thresholdsrc=0, thresholdtgt=0, tokenizer=None, tpu=False, trainpref='spm_encode/train_s', use_plasma_view=False, user_dir=None, validpref='spm_encode/val_s', wandb_project=None, workers=1)
[mhr] Dictionary: 128012 types
[mhr] spm_encode/train_s.mhr: 2121 sents, 23756 tokens, 0.674% replaced (by <unk>)
[mhr] Dictionary: 128012 types
[mhr] spm_encode/val_s.mhr: 112 sents, 1186 tokens, 0.675% replaced (by <unk>)
[ru] Dictionary: 128012 types
[ru] spm_encode/train_s.ru: 2121 sents, 18061 tokens, 0.0% replaced (by <unk>)
[ru] Dictionary: 128012 types
[ru] spm_encode/val_s.ru: 112 sents, 950 tokens, 0.0% replaced (by <unk>)
Wrote preprocessed data to data_bin
Namespace(aim_repo=None, aim_run_hash=None, align_suffix=None, alignfile=None, all_gather_list_size=16384, amp=False, amp_batch_retries=2, amp_init_scale=128, amp_scale_window=None, azureml_logging=False, bf16=False, bpe=None, cpu=False, criterion='cross_entropy', dataset_impl='mmap', destdir='data_bin', dict_only=False, empty_cache_freq=0, fp16=False, fp16_init_scale=128, fp16_no_flatten_grads=False, fp16_scale_tolerance=0.0, fp16_scale_window=None, joined_dictionary=False, log_file=None, log_format=None, log_interval=100, lr_scheduler='fixed', memory_efficient_bf16=False, memory_efficient_fp16=False, min_loss_scale=0.0001, model_parallel_size=1, no_progress_bar=False, nwordssrc=-1, nwordstgt=-1, on_cpu_convert_precision=False, only_source=True, optimizer=None, padding_factor=8, plasma_path='/tmp/plasma', profile=False, quantization_config_path=None, reset_logging=False, scoring='bleu', seed=1, simul_type=None, source_lang='mhr', srcdict='mhr_data_dict.128k.txt', suppress_crashes=False, target_lang='ru', task='translation', tensorboard_logdir=None, testpref='mari_txt', tgtdict='mhr_data_dict.128k.txt', threshold_loss_scale=None, thresholdsrc=0, thresholdtgt=0, tokenizer=None, tpu=False, trainpref=None, use_plasma_view=False, user_dir=None, validpref=None, wandb_project=None, workers=1)
[mhr] Dictionary: 128012 types
Namespace(aim_repo=None, aim_run_hash=None, align_suffix=None, alignfile=None, all_gather_list_size=16384, amp=False, amp_batch_retries=2, amp_init_scale=128, amp_scale_window=None, azureml_logging=False, bf16=False, bpe=None, cpu=False, criterion='cross_entropy', dataset_impl='mmap', destdir='data_bin', dict_only=False, empty_cache_freq=0, fp16=False, fp16_init_scale=128, fp16_no_flatten_grads=False, fp16_scale_tolerance=0.0, fp16_scale_window=None, joined_dictionary=False, log_file=None, log_format=None, log_interval=100, lr_scheduler='fixed', memory_efficient_bf16=False, memory_efficient_fp16=False, min_loss_scale=0.0001, model_parallel_size=1, no_progress_bar=False, nwordssrc=-1, nwordstgt=-1, on_cpu_convert_precision=False, only_source=True, optimizer=None, padding_factor=8, plasma_path='/tmp/plasma', profile=False, quantization_config_path=None, reset_logging=False, scoring='bleu', seed=1, simul_type=None, source_lang='mhr', srcdict='mhr_data_dict.128k.txt', suppress_crashes=False, target_lang='ru', task='translation', tensorboard_logdir=None, testpref='mari_txt', tgtdict='mhr_data_dict.128k.txt', threshold_loss_scale=None, thresholdsrc=0, thresholdtgt=0, tokenizer=None, tpu=False, trainpref=None, use_plasma_view=False, user_dir=None, validpref=None, wandb_project=None, workers=1)
[mhr] Dictionary: 128012 types
[mhr] mari_txt.mhr: 119 sents, 1395 tokens, 0.86% replaced (by <unk>)
Wrote preprocessed data to data_bin
Namespace(aim_repo=None, aim_run_hash=None, align_suffix=None, alignfile=None, all_gather_list_size=16384, amp=False, amp_batch_retries=2, amp_init_scale=128, amp_scale_window=None, azureml_logging=False, bf16=False, bpe=None, cpu=False, criterion='cross_entropy', dataset_impl='mmap', destdir='data_bin', dict_only=False, empty_cache_freq=0, fp16=False, fp16_init_scale=128, fp16_no_flatten_grads=False, fp16_scale_tolerance=0.0, fp16_scale_window=None, joined_dictionary=False, log_file=None, log_format=None, log_interval=100, lr_scheduler='fixed', memory_efficient_bf16=False, memory_efficient_fp16=False, min_loss_scale=0.0001, model_parallel_size=1, no_progress_bar=False, nwordssrc=-1, nwordstgt=-1, on_cpu_convert_precision=False, only_source=False, optimizer=None, padding_factor=8, plasma_path='/tmp/plasma', profile=False, quantization_config_path=None, reset_logging=False, scoring='bleu', seed=1, simul_type=None, source_lang='mhr', srcdict='mhr_data_dict.128k.txt', suppress_crashes=False, target_lang='ru', task='translation', tensorboard_logdir=None, testpref=None, tgtdict='mhr_data_dict.128k.txt', threshold_loss_scale=None, thresholdsrc=0, thresholdtgt=0, tokenizer=None, tpu=False, trainpref='spm_encode/train', use_plasma_view=False, user_dir=None, validpref='spm_encode/val', wandb_project=None, workers=1)
[mhr] Dictionary: 128012 types
[mhr] spm_encode/train.mhr: 6775 sents, 103629 tokens, 0.159% replaced (by <unk>)
[mhr] Dictionary: 128012 types
[mhr] spm_encode/val.mhr: 172 sents, 2696 tokens, 0.0% replaced (by <unk>)
[ru] Dictionary: 128012 types
[ru] spm_encode/train.ru: 6775 sents, 60228 tokens, 0.0% replaced (by <unk>)
[ru] Dictionary: 128012 types
[ru] spm_encode/val.ru: 172 sents, 1573 tokens, 0.0% replaced (by <unk>)
Wrote preprocessed data to data_bin
Namespace(aim_repo=None, aim_run_hash=None, align_suffix=None, alignfile=None, all_gather_list_size=16384, amp=False, amp_batch_retries=2, amp_init_scale=128, amp_scale_window=None, azureml_logging=False, bf16=False, bpe=None, cpu=False, criterion='cross_entropy', dataset_impl='mmap', destdir='data_bin', dict_only=False, empty_cache_freq=0, fp16=False, fp16_init_scale=128, fp16_no_flatten_grads=False, fp16_scale_tolerance=0.0, fp16_scale_window=None, joined_dictionary=False, log_file=None, log_format=None, log_interval=100, lr_scheduler='fixed', memory_efficient_bf16=False, memory_efficient_fp16=False, min_loss_scale=0.0001, model_parallel_size=1, no_progress_bar=False, nwordssrc=-1, nwordstgt=-1, on_cpu_convert_precision=False, only_source=False, optimizer=None, padding_factor=8, plasma_path='/tmp/plasma', profile=False, quantization_config_path=None, reset_logging=False, scoring='bleu', seed=1, simul_type=None, source_lang='xas', srcdict='xas_data_dict.128k.txt', suppress_crashes=False, target_lang='ru', task='translation', tensorboard_logdir=None, testpref=None, tgtdict='xas_data_dict.128k.txt', threshold_loss_scale=None, thresholdsrc=0, thresholdtgt=0, tokenizer=None, tpu=False, trainpref='spm_encode/train', use_plasma_view=False, user_dir=None, validpref='spm_encode/val', wandb_project=None, workers=1)
[xas] Dictionary: 128012 types
[xas] spm_encode/train.xas: 8235 sents, 141969 tokens, 0.0549% replaced (by <unk>)
[xas] Dictionary: 128012 types
[xas] spm_encode/val.xas: 161 sents, 2802 tokens, 0.0% replaced (by <unk>)
[ru] Dictionary: 128012 types
[ru] spm_encode/train.ru: 8235 sents, 73063 tokens, 0.0% replaced (by <unk>)
[ru] Dictionary: 128012 types
[ru] spm_encode/val.ru: 161 sents, 1447 tokens, 0.0% replaced (by <unk>)
Wrote preprocessed data to data_bin
Namespace(aim_repo=None, aim_run_hash=None, align_suffix=None, alignfile=None, all_gather_list_size=16384, amp=False, amp_batch_retries=2, amp_init_scale=128, amp_scale_window=None, azureml_logging=False, bf16=False, bpe=None, cpu=False, criterion='cross_entropy', dataset_impl='mmap', destdir='data_bin', dict_only=False, empty_cache_freq=0, fp16=False, fp16_init_scale=128, fp16_no_flatten_grads=False, fp16_scale_tolerance=0.0, fp16_scale_window=None, joined_dictionary=False, log_file=None, log_format=None, log_interval=100, lr_scheduler='fixed', memory_efficient_bf16=False, memory_efficient_fp16=False, min_loss_scale=0.0001, model_parallel_size=1, no_progress_bar=False, nwordssrc=-1, nwordstgt=-1, on_cpu_convert_precision=False, only_source=False, optimizer=None, padding_factor=8, plasma_path='/tmp/plasma', profile=False, quantization_config_path=None, reset_logging=False, scoring='bleu', seed=1, simul_type=None, source_lang='xas', srcdict='xas_data_dict.128k.txt', suppress_crashes=False, target_lang='ru', task='translation', tensorboard_logdir=None, testpref=None, tgtdict='xas_data_dict.128k.txt', threshold_loss_scale=None, thresholdsrc=0, thresholdtgt=0, tokenizer=None, tpu=False, trainpref='spm_encode/train', use_plasma_view=False, user_dir=None, validpref='spm_encode/val', wandb_project=None, workers=1)
[xas] Dictionary: 128013 types
[xas] spm_encode/train.xas: 8235 sents, 141969 tokens, 0.0549% replaced (by <unk>)
[xas] Dictionary: 128013 types
[xas] spm_encode/val.xas: 161 sents, 2802 tokens, 0.0% replaced (by <unk>)
[ru] Dictionary: 128013 types
[ru] spm_encode/train.ru: 8235 sents, 73063 tokens, 0.0% replaced (by <unk>)
[ru] Dictionary: 128013 types
[ru] spm_encode/val.ru: 161 sents, 1447 tokens, 0.0% replaced (by <unk>)
Wrote preprocessed data to data_bin
Namespace(aim_repo=None, aim_run_hash=None, align_suffix=None, alignfile=None, all_gather_list_size=16384, amp=False, amp_batch_retries=2, amp_init_scale=128, amp_scale_window=None, azureml_logging=False, bf16=False, bpe=None, cpu=False, criterion='cross_entropy', dataset_impl='mmap', destdir='data_bin', dict_only=False, empty_cache_freq=0, fp16=False, fp16_init_scale=128, fp16_no_flatten_grads=False, fp16_scale_tolerance=0.0, fp16_scale_window=None, joined_dictionary=False, log_file=None, log_format=None, log_interval=100, lr_scheduler='fixed', memory_efficient_bf16=False, memory_efficient_fp16=False, min_loss_scale=0.0001, model_parallel_size=1, no_progress_bar=False, nwordssrc=-1, nwordstgt=-1, on_cpu_convert_precision=False, only_source=True, optimizer=None, padding_factor=8, plasma_path='/tmp/plasma', profile=False, quantization_config_path=None, reset_logging=False, scoring='bleu', seed=1, simul_type=None, source_lang='xas', srcdict='xas_data_dict.128k.txt', suppress_crashes=False, target_lang='ru', task='translation', tensorboard_logdir=None, testpref='xas_txt', tgtdict='xas_data_dict.128k.txt', threshold_loss_scale=None, thresholdsrc=0, thresholdtgt=0, tokenizer=None, tpu=False, trainpref=None, use_plasma_view=False, user_dir=None, validpref=None, wandb_project=None, workers=1)
[xas] Dictionary: 128013 types
[xas] xas_txt.xas: 190 sents, 3374 tokens, 0.178% replaced (by <unk>)
Wrote preprocessed data to data_bin
Namespace(aim_repo=None, aim_run_hash=None, align_suffix=None, alignfile=None, all_gather_list_size=16384, amp=False, amp_batch_retries=2, amp_init_scale=128, amp_scale_window=None, azureml_logging=False, bf16=False, bpe=None, cpu=False, criterion='cross_entropy', dataset_impl='mmap', destdir='data_bin', dict_only=False, empty_cache_freq=0, fp16=False, fp16_init_scale=128, fp16_no_flatten_grads=False, fp16_scale_tolerance=0.0, fp16_scale_window=None, joined_dictionary=False, log_file=None, log_format=None, log_interval=100, lr_scheduler='fixed', memory_efficient_bf16=False, memory_efficient_fp16=False, min_loss_scale=0.0001, model_parallel_size=1, no_progress_bar=False, nwordssrc=-1, nwordstgt=-1, on_cpu_convert_precision=False, only_source=False, optimizer=None, padding_factor=8, plasma_path='/tmp/plasma', profile=False, quantization_config_path=None, reset_logging=False, scoring='bleu', seed=1, simul_type=None, source_lang='evn', srcdict='data_dict.128k.txt', suppress_crashes=False, target_lang='ru', task='translation', tensorboard_logdir=None, testpref=None, tgtdict='data_dict.128k.txt', threshold_loss_scale=None, thresholdsrc=0, thresholdtgt=0, tokenizer=None, tpu=False, trainpref='spm_encode/train', use_plasma_view=False, user_dir=None, validpref='spm_encode/val', wandb_project=None, workers=1)
[evn] Dictionary: 128012 types
[evn] spm_encode/train.evn: 6428 sents, 107030 tokens, 7.62% replaced (by <unk>)
[evn] Dictionary: 128012 types
[evn] spm_encode/val.evn: 202 sents, 3430 tokens, 7.29% replaced (by <unk>)
[ru] Dictionary: 128012 types
[ru] spm_encode/train.ru: 6428 sents, 64327 tokens, 0.0% replaced (by <unk>)
[ru] Dictionary: 128012 types
[ru] spm_encode/val.ru: 202 sents, 2082 tokens, 0.0% replaced (by <unk>)
Wrote preprocessed data to data_bin
Namespace(aim_repo=None, aim_run_hash=None, align_suffix=None, alignfile=None, all_gather_list_size=16384, amp=False, amp_batch_retries=2, amp_init_scale=128, amp_scale_window=None, azureml_logging=False, bf16=False, bpe=None, cpu=False, criterion='cross_entropy', dataset_impl='mmap', destdir='data_bin', dict_only=False, empty_cache_freq=0, fp16=False, fp16_init_scale=128, fp16_no_flatten_grads=False, fp16_scale_tolerance=0.0, fp16_scale_window=None, joined_dictionary=False, log_file=None, log_format=None, log_interval=100, lr_scheduler='fixed', memory_efficient_bf16=False, memory_efficient_fp16=False, min_loss_scale=0.0001, model_parallel_size=1, no_progress_bar=False, nwordssrc=-1, nwordstgt=-1, on_cpu_convert_precision=False, only_source=True, optimizer=None, padding_factor=8, plasma_path='/tmp/plasma', profile=False, quantization_config_path=None, reset_logging=False, scoring='bleu', seed=1, simul_type=None, source_lang='evn', srcdict='data_dict.128k.txt', suppress_crashes=False, target_lang='ru', task='translation', tensorboard_logdir=None, testpref='evenki_txt', tgtdict='data_dict.128k.txt', threshold_loss_scale=None, thresholdsrc=0, thresholdtgt=0, tokenizer=None, tpu=False, trainpref=None, use_plasma_view=False, user_dir=None, validpref=None, wandb_project=None, workers=1)
[evn] Dictionary: 128012 types
[evn] evenki_txt.evn: 206 sents, 3280 tokens, 8.08% replaced (by <unk>)
Wrote preprocessed data to data_bin
Namespace(aim_repo=None, aim_run_hash=None, align_suffix=None, alignfile=None, all_gather_list_size=16384, amp=False, amp_batch_retries=2, amp_init_scale=128, amp_scale_window=None, azureml_logging=False, bf16=False, bpe=None, cpu=False, criterion='cross_entropy', dataset_impl='mmap', destdir='data_bin', dict_only=False, empty_cache_freq=0, fp16=False, fp16_init_scale=128, fp16_no_flatten_grads=False, fp16_scale_tolerance=0.0, fp16_scale_window=None, joined_dictionary=False, log_file=None, log_format=None, log_interval=100, lr_scheduler='fixed', memory_efficient_bf16=False, memory_efficient_fp16=False, min_loss_scale=0.0001, model_parallel_size=1, no_progress_bar=False, nwordssrc=-1, nwordstgt=-1, on_cpu_convert_precision=False, only_source=False, optimizer=None, padding_factor=8, plasma_path='/tmp/plasma', profile=False, quantization_config_path=None, reset_logging=False, scoring='bleu', seed=1, simul_type=None, source_lang='evn', srcdict='data_dict.128k.txt', suppress_crashes=False, target_lang='ru', task='translation', tensorboard_logdir=None, testpref=None, tgtdict='data_dict.128k.txt', threshold_loss_scale=None, thresholdsrc=0, thresholdtgt=0, tokenizer=None, tpu=False, trainpref='spm_encode/train', use_plasma_view=False, user_dir=None, validpref='spm_encode/val', wandb_project=None, workers=1)
[evn] Dictionary: 128012 types
[evn] spm_encode/train.evn: 15260 sents, 198323 tokens, 0.00252% replaced (by <unk>)
[evn] Dictionary: 128012 types
[evn] spm_encode/val.evn: 342 sents, 4494 tokens, 0.0% replaced (by <unk>)
[ru] Dictionary: 128012 types
[ru] spm_encode/train.ru: 15260 sents, 170661 tokens, 0.0451% replaced (by <unk>)
[ru] Dictionary: 128012 types
[ru] spm_encode/val.ru: 342 sents, 3933 tokens, 0.0% replaced (by <unk>)
Wrote preprocessed data to data_bin
Namespace(aim_repo=None, aim_run_hash=None, align_suffix=None, alignfile=None, all_gather_list_size=16384, amp=False, amp_batch_retries=2, amp_init_scale=128, amp_scale_window=None, azureml_logging=False, bf16=False, bpe=None, cpu=False, criterion='cross_entropy', dataset_impl='mmap', destdir='data_bin', dict_only=False, empty_cache_freq=0, fp16=False, fp16_init_scale=128, fp16_no_flatten_grads=False, fp16_scale_tolerance=0.0, fp16_scale_window=None, joined_dictionary=False, log_file=None, log_format=None, log_interval=100, lr_scheduler='fixed', memory_efficient_bf16=False, memory_efficient_fp16=False, min_loss_scale=0.0001, model_parallel_size=1, no_progress_bar=False, nwordssrc=-1, nwordstgt=-1, on_cpu_convert_precision=False, only_source=False, optimizer=None, padding_factor=8, plasma_path='/tmp/plasma', profile=False, quantization_config_path=None, reset_logging=False, scoring='bleu', seed=1, simul_type=None, source_lang='evn', srcdict='data_dict.128k.txt', suppress_crashes=False, target_lang='ru', task='translation', tensorboard_logdir=None, testpref=None, tgtdict='data_dict.128k.txt', threshold_loss_scale=None, thresholdsrc=0, thresholdtgt=0, tokenizer=None, tpu=False, trainpref='spm_encode/train', use_plasma_view=False, user_dir=None, validpref='spm_encode/val', wandb_project=None, workers=1)
[evn] Dictionary: 128004 types
[evn] spm_encode/train.evn: 15260 sents, 198323 tokens, 0.00252% replaced (by <unk>)
[evn] Dictionary: 128004 types
[evn] spm_encode/val.evn: 342 sents, 4494 tokens, 0.0% replaced (by <unk>)
[ru] Dictionary: 128004 types
[ru] spm_encode/train.ru: 15260 sents, 170661 tokens, 0.0451% replaced (by <unk>)
[ru] Dictionary: 128004 types
[ru] spm_encode/val.ru: 342 sents, 3933 tokens, 0.0% replaced (by <unk>)
Wrote preprocessed data to data_bin
Namespace(aim_repo=None, aim_run_hash=None, align_suffix=None, alignfile=None, all_gather_list_size=16384, amp=False, amp_batch_retries=2, amp_init_scale=128, amp_scale_window=None, azureml_logging=False, bf16=False, bpe=None, cpu=False, criterion='cross_entropy', dataset_impl='mmap', destdir='data_bin', dict_only=False, empty_cache_freq=0, fp16=False, fp16_init_scale=128, fp16_no_flatten_grads=False, fp16_scale_tolerance=0.0, fp16_scale_window=None, joined_dictionary=False, log_file=None, log_format=None, log_interval=100, lr_scheduler='fixed', memory_efficient_bf16=False, memory_efficient_fp16=False, min_loss_scale=0.0001, model_parallel_size=1, no_progress_bar=False, nwordssrc=-1, nwordstgt=-1, on_cpu_convert_precision=False, only_source=True, optimizer=None, padding_factor=8, plasma_path='/tmp/plasma', profile=False, quantization_config_path=None, reset_logging=False, scoring='bleu', seed=1, simul_type=None, source_lang='evn', srcdict='data_dict.128k.txt', suppress_crashes=False, target_lang='ru', task='translation', tensorboard_logdir=None, testpref='evenki_txt', tgtdict='data_dict.128k.txt', threshold_loss_scale=None, thresholdsrc=0, thresholdtgt=0, tokenizer=None, tpu=False, trainpref=None, use_plasma_view=False, user_dir=None, validpref=None, wandb_project=None, workers=1)
[evn] Dictionary: 128004 types
[evn] evenki_txt.evn: 344 sents, 4154 tokens, 0.0% replaced (by <unk>)
Wrote preprocessed data to data_bin
Namespace(aim_repo=None, aim_run_hash=None, align_suffix=None, alignfile=None, all_gather_list_size=16384, amp=False, amp_batch_retries=2, amp_init_scale=128, amp_scale_window=None, azureml_logging=False, bf16=False, bpe=None, cpu=False, criterion='cross_entropy', dataset_impl='mmap', destdir='data_bin', dict_only=False, empty_cache_freq=0, fp16=False, fp16_init_scale=128, fp16_no_flatten_grads=False, fp16_scale_tolerance=0.0, fp16_scale_window=None, joined_dictionary=False, log_file=None, log_format=None, log_interval=100, lr_scheduler='fixed', memory_efficient_bf16=False, memory_efficient_fp16=False, min_loss_scale=0.0001, model_parallel_size=1, no_progress_bar=False, nwordssrc=-1, nwordstgt=-1, on_cpu_convert_precision=False, only_source=False, optimizer=None, padding_factor=8, plasma_path='/tmp/plasma', profile=False, quantization_config_path=None, reset_logging=False, scoring='bleu', seed=1, simul_type=None, source_lang='evn', srcdict='data_dict.128k.txt', suppress_crashes=False, target_lang='ru', task='translation', tensorboard_logdir=None, testpref=None, tgtdict='data_dict.128k.txt', threshold_loss_scale=None, thresholdsrc=0, thresholdtgt=0, tokenizer=None, tpu=False, trainpref='spm_encode/train', use_plasma_view=False, user_dir=None, validpref='spm_encode/val', wandb_project=None, workers=1)
[evn] Dictionary: 128004 types
[evn] spm_encode/train.evn: 6770 sents, 82866 tokens, 0.0% replaced (by <unk>)
[evn] Dictionary: 128004 types
[evn] spm_encode/val.evn: 208 sents, 2472 tokens, 0.0% replaced (by <unk>)
[ru] Dictionary: 128004 types
[ru] spm_encode/train.ru: 6770 sents, 66620 tokens, 0.0% replaced (by <unk>)
[ru] Dictionary: 128004 types
[ru] spm_encode/val.ru: 208 sents, 1949 tokens, 0.0% replaced (by <unk>)
Wrote preprocessed data to data_bin
Namespace(aim_repo=None, aim_run_hash=None, align_suffix=None, alignfile=None, all_gather_list_size=16384, amp=False, amp_batch_retries=2, amp_init_scale=128, amp_scale_window=None, azureml_logging=False, bf16=False, bpe=None, cpu=False, criterion='cross_entropy', dataset_impl='mmap', destdir='data_bin', dict_only=False, empty_cache_freq=0, fp16=False, fp16_init_scale=128, fp16_no_flatten_grads=False, fp16_scale_tolerance=0.0, fp16_scale_window=None, joined_dictionary=False, log_file=None, log_format=None, log_interval=100, lr_scheduler='fixed', memory_efficient_bf16=False, memory_efficient_fp16=False, min_loss_scale=0.0001, model_parallel_size=1, no_progress_bar=False, nwordssrc=-1, nwordstgt=-1, on_cpu_convert_precision=False, only_source=True, optimizer=None, padding_factor=8, plasma_path='/tmp/plasma', profile=False, quantization_config_path=None, reset_logging=False, scoring='bleu', seed=1, simul_type=None, source_lang='evn', srcdict='data_dict.128k.txt', suppress_crashes=False, target_lang='ru', task='translation', tensorboard_logdir=None, testpref='evenki_txt', tgtdict='data_dict.128k.txt', threshold_loss_scale=None, thresholdsrc=0, thresholdtgt=0, tokenizer=None, tpu=False, trainpref=None, use_plasma_view=False, user_dir=None, validpref=None, wandb_project=None, workers=1)
[evn] Dictionary: 128004 types
[evn] evenki_txt.evn: 344 sents, 4154 tokens, 0.0% replaced (by <unk>)
Wrote preprocessed data to data_bin
Namespace(aim_repo=None, aim_run_hash=None, align_suffix=None, alignfile=None, all_gather_list_size=16384, amp=False, amp_batch_retries=2, amp_init_scale=128, amp_scale_window=None, azureml_logging=False, bf16=False, bpe=None, cpu=False, criterion='cross_entropy', dataset_impl='mmap', destdir='data_bin', dict_only=False, empty_cache_freq=0, fp16=False, fp16_init_scale=128, fp16_no_flatten_grads=False, fp16_scale_tolerance=0.0, fp16_scale_window=None, joined_dictionary=False, log_file=None, log_format=None, log_interval=100, lr_scheduler='fixed', memory_efficient_bf16=False, memory_efficient_fp16=False, min_loss_scale=0.0001, model_parallel_size=1, no_progress_bar=False, nwordssrc=-1, nwordstgt=-1, on_cpu_convert_precision=False, only_source=True, optimizer=None, padding_factor=8, plasma_path='/tmp/plasma', profile=False, quantization_config_path=None, reset_logging=False, scoring='bleu', seed=1, simul_type=None, source_lang='evn', srcdict='data_dict.128k.txt', suppress_crashes=False, target_lang='ru', task='translation', tensorboard_logdir=None, testpref='evenki_txt', tgtdict='data_dict.128k.txt', threshold_loss_scale=None, thresholdsrc=0, thresholdtgt=0, tokenizer=None, tpu=False, trainpref=None, use_plasma_view=False, user_dir=None, validpref=None, wandb_project=None, workers=1)
[evn] Dictionary: 128004 types
[evn] evenki_txt.evn: 206 sents, 2485 tokens, 0.0% replaced (by <unk>)
Wrote preprocessed data to data_bin
Namespace(aim_repo=None, aim_run_hash=None, align_suffix=None, alignfile=None, all_gather_list_size=16384, amp=False, amp_batch_retries=2, amp_init_scale=128, amp_scale_window=None, azureml_logging=False, bf16=False, bpe=None, cpu=False, criterion='cross_entropy', dataset_impl='mmap', destdir='data_bin', dict_only=False, empty_cache_freq=0, fp16=False, fp16_init_scale=128, fp16_no_flatten_grads=False, fp16_scale_tolerance=0.0, fp16_scale_window=None, joined_dictionary=False, log_file=None, log_format=None, log_interval=100, lr_scheduler='fixed', memory_efficient_bf16=False, memory_efficient_fp16=False, min_loss_scale=0.0001, model_parallel_size=1, no_progress_bar=False, nwordssrc=-1, nwordstgt=-1, on_cpu_convert_precision=False, only_source=False, optimizer=None, padding_factor=8, plasma_path='/tmp/plasma', profile=False, quantization_config_path=None, reset_logging=False, scoring='bleu', seed=1, simul_type=None, source_lang='xas', srcdict='data_dict.128k.txt', suppress_crashes=False, target_lang='ru', task='translation', tensorboard_logdir=None, testpref=None, tgtdict='data_dict.128k.txt', threshold_loss_scale=None, thresholdsrc=0, thresholdtgt=0, tokenizer=None, tpu=False, trainpref='spm_encode/train', use_plasma_view=False, user_dir=None, validpref='spm_encode/val', wandb_project=None, workers=1)
[xas] Dictionary: 128004 types
[xas] spm_encode/train.xas: 13207 sents, 149240 tokens, 0.0623% replaced (by <unk>)
[xas] Dictionary: 128004 types
[xas] spm_encode/val.xas: 213 sents, 2415 tokens, 0.0% replaced (by <unk>)
[ru] Dictionary: 128004 types
[ru] spm_encode/train.ru: 13207 sents, 112308 tokens, 0.0% replaced (by <unk>)
[ru] Dictionary: 128004 types
[ru] spm_encode/val.ru: 213 sents, 1785 tokens, 0.0% replaced (by <unk>)
Wrote preprocessed data to data_bin
Namespace(aim_repo=None, aim_run_hash=None, align_suffix=None, alignfile=None, all_gather_list_size=16384, amp=False, amp_batch_retries=2, amp_init_scale=128, amp_scale_window=None, azureml_logging=False, bf16=False, bpe=None, cpu=False, criterion='cross_entropy', dataset_impl='mmap', destdir='data_bin', dict_only=False, empty_cache_freq=0, fp16=False, fp16_init_scale=128, fp16_no_flatten_grads=False, fp16_scale_tolerance=0.0, fp16_scale_window=None, joined_dictionary=False, log_file=None, log_format=None, log_interval=100, lr_scheduler='fixed', memory_efficient_bf16=False, memory_efficient_fp16=False, min_loss_scale=0.0001, model_parallel_size=1, no_progress_bar=False, nwordssrc=-1, nwordstgt=-1, on_cpu_convert_precision=False, only_source=False, optimizer=None, padding_factor=8, plasma_path='/tmp/plasma', profile=False, quantization_config_path=None, reset_logging=False, scoring='bleu', seed=1, simul_type=None, source_lang='xas', srcdict='data_dict.128k.txt', suppress_crashes=False, target_lang='ru', task='translation', tensorboard_logdir=None, testpref=None, tgtdict='data_dict.128k.txt', threshold_loss_scale=None, thresholdsrc=0, thresholdtgt=0, tokenizer=None, tpu=False, trainpref='spm_encode/train', use_plasma_view=False, user_dir=None, validpref='spm_encode/val', wandb_project=None, workers=1)
[xas] Dictionary: 128012 types
[xas] spm_encode/train.xas: 13207 sents, 149240 tokens, 0.0623% replaced (by <unk>)
[xas] Dictionary: 128012 types
[xas] spm_encode/val.xas: 213 sents, 2415 tokens, 0.0% replaced (by <unk>)
[ru] Dictionary: 128012 types
[ru] spm_encode/train.ru: 13207 sents, 112308 tokens, 0.0% replaced (by <unk>)
[ru] Dictionary: 128012 types
[ru] spm_encode/val.ru: 213 sents, 1785 tokens, 0.0% replaced (by <unk>)
Wrote preprocessed data to data_bin
Namespace(aim_repo=None, aim_run_hash=None, align_suffix=None, alignfile=None, all_gather_list_size=16384, amp=False, amp_batch_retries=2, amp_init_scale=128, amp_scale_window=None, azureml_logging=False, bf16=False, bpe=None, cpu=False, criterion='cross_entropy', dataset_impl='mmap', destdir='data_bin', dict_only=False, empty_cache_freq=0, fp16=False, fp16_init_scale=128, fp16_no_flatten_grads=False, fp16_scale_tolerance=0.0, fp16_scale_window=None, joined_dictionary=False, log_file=None, log_format=None, log_interval=100, lr_scheduler='fixed', memory_efficient_bf16=False, memory_efficient_fp16=False, min_loss_scale=0.0001, model_parallel_size=1, no_progress_bar=False, nwordssrc=-1, nwordstgt=-1, on_cpu_convert_precision=False, only_source=False, optimizer=None, padding_factor=8, plasma_path='/tmp/plasma', profile=False, quantization_config_path=None, reset_logging=False, scoring='bleu', seed=1, simul_type=None, source_lang='evn', srcdict='data_dict.128k.txt', suppress_crashes=False, target_lang='ru', task='translation', tensorboard_logdir=None, testpref=None, tgtdict='data_dict.128k.txt', threshold_loss_scale=None, thresholdsrc=0, thresholdtgt=0, tokenizer=None, tpu=False, trainpref='spm_encode/train', use_plasma_view=False, user_dir=None, validpref='spm_encode/val', wandb_project=None, workers=1)
[evn] Dictionary: 128012 types
[evn] spm_encode/train.evn: 6768 sents, 82621 tokens, 0.0% replaced (by <unk>)
[evn] Dictionary: 128012 types
[evn] spm_encode/val.evn: 210 sents, 2717 tokens, 0.0% replaced (by <unk>)
[ru] Dictionary: 128012 types
[ru] spm_encode/train.ru: 6768 sents, 66458 tokens, 0.0% replaced (by <unk>)
[ru] Dictionary: 128012 types
[ru] spm_encode/val.ru: 210 sents, 2111 tokens, 0.0% replaced (by <unk>)
Wrote preprocessed data to data_bin
Namespace(aim_repo=None, aim_run_hash=None, align_suffix=None, alignfile=None, all_gather_list_size=16384, amp=False, amp_batch_retries=2, amp_init_scale=128, amp_scale_window=None, azureml_logging=False, bf16=False, bpe=None, cpu=False, criterion='cross_entropy', dataset_impl='mmap', destdir='data_bin', dict_only=False, empty_cache_freq=0, fp16=False, fp16_init_scale=128, fp16_no_flatten_grads=False, fp16_scale_tolerance=0.0, fp16_scale_window=None, joined_dictionary=False, log_file=None, log_format=None, log_interval=100, lr_scheduler='fixed', memory_efficient_bf16=False, memory_efficient_fp16=False, min_loss_scale=0.0001, model_parallel_size=1, no_progress_bar=False, nwordssrc=-1, nwordstgt=-1, on_cpu_convert_precision=False, only_source=False, optimizer=None, padding_factor=8, plasma_path='/tmp/plasma', profile=False, quantization_config_path=None, reset_logging=False, scoring='bleu', seed=1, simul_type=None, source_lang='evn', srcdict='data_dict.128k.txt', suppress_crashes=False, target_lang='ru', task='translation', tensorboard_logdir=None, testpref=None, tgtdict='data_dict.128k.txt', threshold_loss_scale=None, thresholdsrc=0, thresholdtgt=0, tokenizer=None, tpu=False, trainpref='spm_encode/train', use_plasma_view=False, user_dir=None, validpref='spm_encode/val', wandb_project=None, workers=1)
[evn] Dictionary: 128011 types
[evn] spm_encode/train.evn: 6768 sents, 82621 tokens, 0.0% replaced (by <unk>)
[evn] Dictionary: 128011 types
[evn] spm_encode/val.evn: 210 sents, 2717 tokens, 0.0% replaced (by <unk>)
[ru] Dictionary: 128011 types
[ru] spm_encode/train.ru: 6768 sents, 66458 tokens, 0.0% replaced (by <unk>)
[ru] Dictionary: 128011 types
[ru] spm_encode/val.ru: 210 sents, 2111 tokens, 0.0% replaced (by <unk>)
Wrote preprocessed data to data_bin
Namespace(aim_repo=None, aim_run_hash=None, align_suffix=None, alignfile=None, all_gather_list_size=16384, amp=False, amp_batch_retries=2, amp_init_scale=128, amp_scale_window=None, azureml_logging=False, bf16=False, bpe=None, cpu=False, criterion='cross_entropy', dataset_impl='mmap', destdir='data_bin', dict_only=False, empty_cache_freq=0, fp16=False, fp16_init_scale=128, fp16_no_flatten_grads=False, fp16_scale_tolerance=0.0, fp16_scale_window=None, joined_dictionary=False, log_file=None, log_format=None, log_interval=100, lr_scheduler='fixed', memory_efficient_bf16=False, memory_efficient_fp16=False, min_loss_scale=0.0001, model_parallel_size=1, no_progress_bar=False, nwordssrc=-1, nwordstgt=-1, on_cpu_convert_precision=False, only_source=False, optimizer=None, padding_factor=8, plasma_path='/tmp/plasma', profile=False, quantization_config_path=None, reset_logging=False, scoring='bleu', seed=1, simul_type=None, source_lang='xas', srcdict='data_dict.128k.txt', suppress_crashes=False, target_lang='ru', task='translation', tensorboard_logdir=None, testpref=None, tgtdict='data_dict.128k.txt', threshold_loss_scale=None, thresholdsrc=0, thresholdtgt=0, tokenizer=None, tpu=False, trainpref='spm_encode/train', use_plasma_view=False, user_dir=None, validpref='spm_encode/val', wandb_project=None, workers=1)
[xas] Dictionary: 128011 types
[xas] spm_encode/train.xas: 13210 sents, 149411 tokens, 0.0582% replaced (by <unk>)
[xas] Dictionary: 128011 types
[xas] spm_encode/val.xas: 210 sents, 2244 tokens, 0.267% replaced (by <unk>)
[ru] Dictionary: 128011 types
[ru] spm_encode/train.ru: 13210 sents, 112366 tokens, 0.0% replaced (by <unk>)
[ru] Dictionary: 128011 types
[ru] spm_encode/val.ru: 210 sents, 1727 tokens, 0.0% replaced (by <unk>)
Wrote preprocessed data to data_bin
Namespace(aim_repo=None, aim_run_hash=None, align_suffix=None, alignfile=None, all_gather_list_size=16384, amp=False, amp_batch_retries=2, amp_init_scale=128, amp_scale_window=None, azureml_logging=False, bf16=False, bpe=None, cpu=False, criterion='cross_entropy', dataset_impl='mmap', destdir='data_bin', dict_only=False, empty_cache_freq=0, fp16=False, fp16_init_scale=128, fp16_no_flatten_grads=False, fp16_scale_tolerance=0.0, fp16_scale_window=None, joined_dictionary=False, log_file=None, log_format=None, log_interval=100, lr_scheduler='fixed', memory_efficient_bf16=False, memory_efficient_fp16=False, min_loss_scale=0.0001, model_parallel_size=1, no_progress_bar=False, nwordssrc=-1, nwordstgt=-1, on_cpu_convert_precision=False, only_source=True, optimizer=None, padding_factor=8, plasma_path='/tmp/plasma', profile=False, quantization_config_path=None, reset_logging=False, scoring='bleu', seed=1, simul_type=None, source_lang='evn', srcdict='data_dict.128k.txt', suppress_crashes=False, target_lang='ru', task='translation', tensorboard_logdir=None, testpref='evenki_txt', tgtdict='data_dict.128k.txt', threshold_loss_scale=None, thresholdsrc=0, thresholdtgt=0, tokenizer=None, tpu=False, trainpref=None, use_plasma_view=False, user_dir=None, validpref=None, wandb_project=None, workers=1)
[evn] Dictionary: 128011 types
[evn] evenki_txt.evn: 206 sents, 2485 tokens, 0.0% replaced (by <unk>)
Wrote preprocessed data to data_bin
Namespace(aim_repo=None, aim_run_hash=None, align_suffix=None, alignfile=None, all_gather_list_size=16384, amp=False, amp_batch_retries=2, amp_init_scale=128, amp_scale_window=None, azureml_logging=False, bf16=False, bpe=None, cpu=False, criterion='cross_entropy', dataset_impl='mmap', destdir='data_bin', dict_only=False, empty_cache_freq=0, fp16=False, fp16_init_scale=128, fp16_no_flatten_grads=False, fp16_scale_tolerance=0.0, fp16_scale_window=None, joined_dictionary=False, log_file=None, log_format=None, log_interval=100, lr_scheduler='fixed', memory_efficient_bf16=False, memory_efficient_fp16=False, min_loss_scale=0.0001, model_parallel_size=1, no_progress_bar=False, nwordssrc=-1, nwordstgt=-1, on_cpu_convert_precision=False, only_source=True, optimizer=None, padding_factor=8, plasma_path='/tmp/plasma', profile=False, quantization_config_path=None, reset_logging=False, scoring='bleu', seed=1, simul_type=None, source_lang='xas', srcdict='xas_data_dict.128k.txt', suppress_crashes=False, target_lang='ru', task='translation', tensorboard_logdir=None, testpref='xas_txt', tgtdict='xas_data_dict.128k.txt', threshold_loss_scale=None, thresholdsrc=0, thresholdtgt=0, tokenizer=None, tpu=False, trainpref=None, use_plasma_view=False, user_dir=None, validpref=None, wandb_project=None, workers=1)
[xas] Dictionary: 128013 types
[xas] xas_txt.xas: 214 sents, 2447 tokens, 0.245% replaced (by <unk>)
Wrote preprocessed data to data_bin
Namespace(aim_repo=None, aim_run_hash=None, align_suffix=None, alignfile=None, all_gather_list_size=16384, amp=False, amp_batch_retries=2, amp_init_scale=128, amp_scale_window=None, azureml_logging=False, bf16=False, bpe=None, cpu=False, criterion='cross_entropy', dataset_impl='mmap', destdir='data_bin', dict_only=False, empty_cache_freq=0, fp16=False, fp16_init_scale=128, fp16_no_flatten_grads=False, fp16_scale_tolerance=0.0, fp16_scale_window=None, joined_dictionary=False, log_file=None, log_format=None, log_interval=100, lr_scheduler='fixed', memory_efficient_bf16=False, memory_efficient_fp16=False, min_loss_scale=0.0001, model_parallel_size=1, no_progress_bar=False, nwordssrc=-1, nwordstgt=-1, on_cpu_convert_precision=False, only_source=False, optimizer=None, padding_factor=8, plasma_path='/tmp/plasma', profile=False, quantization_config_path=None, reset_logging=False, scoring='bleu', seed=1, simul_type=None, source_lang='mhr', srcdict='data_dict.128k.txt', suppress_crashes=False, target_lang='ru', task='translation', tensorboard_logdir=None, testpref=None, tgtdict='data_dict.128k.txt', threshold_loss_scale=None, thresholdsrc=0, thresholdtgt=0, tokenizer=None, tpu=False, trainpref='spm_encode/train', use_plasma_view=False, user_dir=None, validpref='spm_encode/val', wandb_project=None, workers=1)
[mhr] Dictionary: 128011 types
[mhr] spm_encode/train.mhr: 108550 sents, 1814071 tokens, 0.00011% replaced (by <unk>)
[mhr] Dictionary: 128011 types
[mhr] spm_encode/val.mhr: 218 sents, 3428 tokens, 0.0% replaced (by <unk>)
[ru] Dictionary: 128011 types
[ru] spm_encode/train.ru: 108550 sents, 1503499 tokens, 0.00971% replaced (by <unk>)
[ru] Dictionary: 128011 types
[ru] spm_encode/val.ru: 218 sents, 2881 tokens, 0.0% replaced (by <unk>)
Wrote preprocessed data to data_bin
Namespace(aim_repo=None, aim_run_hash=None, align_suffix=None, alignfile=None, all_gather_list_size=16384, amp=False, amp_batch_retries=2, amp_init_scale=128, amp_scale_window=None, azureml_logging=False, bf16=False, bpe=None, cpu=False, criterion='cross_entropy', dataset_impl='mmap', destdir='data_bin', dict_only=False, empty_cache_freq=0, fp16=False, fp16_init_scale=128, fp16_no_flatten_grads=False, fp16_scale_tolerance=0.0, fp16_scale_window=None, joined_dictionary=False, log_file=None, log_format=None, log_interval=100, lr_scheduler='fixed', memory_efficient_bf16=False, memory_efficient_fp16=False, min_loss_scale=0.0001, model_parallel_size=1, no_progress_bar=False, nwordssrc=-1, nwordstgt=-1, on_cpu_convert_precision=False, only_source=True, optimizer=None, padding_factor=8, plasma_path='/tmp/plasma', profile=False, quantization_config_path=None, reset_logging=False, scoring='bleu', seed=1, simul_type=None, source_lang='mhr', srcdict='data_dict.128k.txt', suppress_crashes=False, target_lang='ru', task='translation', tensorboard_logdir=None, testpref='mari_txt', tgtdict='data_dict.128k.txt', threshold_loss_scale=None, thresholdsrc=0, thresholdtgt=0, tokenizer=None, tpu=False, trainpref=None, use_plasma_view=False, user_dir=None, validpref=None, wandb_project=None, workers=1)
[mhr] Dictionary: 128011 types
[mhr] mari_txt.mhr: 214 sents, 2294 tokens, 0.0% replaced (by <unk>)
Wrote preprocessed data to data_bin
Namespace(aim_repo=None, aim_run_hash=None, align_suffix=None, alignfile=None, all_gather_list_size=16384, amp=False, amp_batch_retries=2, amp_init_scale=128, amp_scale_window=None, azureml_logging=False, bf16=False, bpe=None, cpu=False, criterion='cross_entropy', dataset_impl='mmap', destdir='data_bin', dict_only=False, empty_cache_freq=0, fp16=False, fp16_init_scale=128, fp16_no_flatten_grads=False, fp16_scale_tolerance=0.0, fp16_scale_window=None, joined_dictionary=False, log_file=None, log_format=None, log_interval=100, lr_scheduler='fixed', memory_efficient_bf16=False, memory_efficient_fp16=False, min_loss_scale=0.0001, model_parallel_size=1, no_progress_bar=False, nwordssrc=-1, nwordstgt=-1, on_cpu_convert_precision=False, only_source=True, optimizer=None, padding_factor=8, plasma_path='/tmp/plasma', profile=False, quantization_config_path=None, reset_logging=False, scoring='bleu', seed=1, simul_type=None, source_lang='mhr', srcdict='data_dict.128k.txt', suppress_crashes=False, target_lang='ru', task='translation', tensorboard_logdir=None, testpref='mari_txt', tgtdict='data_dict.128k.txt', threshold_loss_scale=None, thresholdsrc=0, thresholdtgt=0, tokenizer=None, tpu=False, trainpref=None, use_plasma_view=False, user_dir=None, validpref=None, wandb_project=None, workers=1)
[mhr] Dictionary: 128011 types
[mhr] mari_txt.mhr: 214 sents, 2294 tokens, 0.0% replaced (by <unk>)
Wrote preprocessed data to data_bin
Namespace(aim_repo=None, aim_run_hash=None, align_suffix=None, alignfile=None, all_gather_list_size=16384, amp=False, amp_batch_retries=2, amp_init_scale=128, amp_scale_window=None, azureml_logging=False, bf16=False, bpe=None, cpu=False, criterion='cross_entropy', dataset_impl='mmap', destdir='data_bin', dict_only=False, empty_cache_freq=0, fp16=False, fp16_init_scale=128, fp16_no_flatten_grads=False, fp16_scale_tolerance=0.0, fp16_scale_window=None, joined_dictionary=False, log_file=None, log_format=None, log_interval=100, lr_scheduler='fixed', memory_efficient_bf16=False, memory_efficient_fp16=False, min_loss_scale=0.0001, model_parallel_size=1, no_progress_bar=False, nwordssrc=-1, nwordstgt=-1, on_cpu_convert_precision=False, only_source=True, optimizer=None, padding_factor=8, plasma_path='/tmp/plasma', profile=False, quantization_config_path=None, reset_logging=False, scoring='bleu', seed=1, simul_type=None, source_lang='mhr', srcdict='data_dict.128k.txt', suppress_crashes=False, target_lang='ru', task='translation', tensorboard_logdir=None, testpref='mari_txt', tgtdict='data_dict.128k.txt', threshold_loss_scale=None, thresholdsrc=0, thresholdtgt=0, tokenizer=None, tpu=False, trainpref=None, use_plasma_view=False, user_dir=None, validpref=None, wandb_project=None, workers=1)
[mhr] Dictionary: 128011 types
[mhr] mari_txt.mhr: 214 sents, 2294 tokens, 0.0% replaced (by <unk>)
Wrote preprocessed data to data_bin
Namespace(aim_repo=None, aim_run_hash=None, align_suffix=None, alignfile=None, all_gather_list_size=16384, amp=False, amp_batch_retries=2, amp_init_scale=128, amp_scale_window=None, azureml_logging=False, bf16=False, bpe=None, cpu=False, criterion='cross_entropy', dataset_impl='mmap', destdir='data_bin', dict_only=False, empty_cache_freq=0, fp16=False, fp16_init_scale=128, fp16_no_flatten_grads=False, fp16_scale_tolerance=0.0, fp16_scale_window=None, joined_dictionary=False, log_file=None, log_format=None, log_interval=100, lr_scheduler='fixed', memory_efficient_bf16=False, memory_efficient_fp16=False, min_loss_scale=0.0001, model_parallel_size=1, no_progress_bar=False, nwordssrc=-1, nwordstgt=-1, on_cpu_convert_precision=False, only_source=True, optimizer=None, padding_factor=8, plasma_path='/tmp/plasma', profile=False, quantization_config_path=None, reset_logging=False, scoring='bleu', seed=1, simul_type=None, source_lang='evn', srcdict='data_dict.128k.txt', suppress_crashes=False, target_lang='ru', task='translation', tensorboard_logdir=None, testpref='evenki_txt', tgtdict='data_dict.128k.txt', threshold_loss_scale=None, thresholdsrc=0, thresholdtgt=0, tokenizer=None, tpu=False, trainpref=None, use_plasma_view=False, user_dir=None, validpref=None, wandb_project=None, workers=1)
[evn] Dictionary: 128011 types
[evn] evenki_txt.evn: 69 sents, 1109 tokens, 8.12% replaced (by <unk>)
Wrote preprocessed data to data_bin
Namespace(aim_repo=None, aim_run_hash=None, align_suffix=None, alignfile=None, all_gather_list_size=16384, amp=False, amp_batch_retries=2, amp_init_scale=128, amp_scale_window=None, azureml_logging=False, bf16=False, bpe=None, cpu=False, criterion='cross_entropy', dataset_impl='mmap', destdir='data_bin', dict_only=False, empty_cache_freq=0, fp16=False, fp16_init_scale=128, fp16_no_flatten_grads=False, fp16_scale_tolerance=0.0, fp16_scale_window=None, joined_dictionary=False, log_file=None, log_format=None, log_interval=100, lr_scheduler='fixed', memory_efficient_bf16=False, memory_efficient_fp16=False, min_loss_scale=0.0001, model_parallel_size=1, no_progress_bar=False, nwordssrc=-1, nwordstgt=-1, on_cpu_convert_precision=False, only_source=True, optimizer=None, padding_factor=8, plasma_path='/tmp/plasma', profile=False, quantization_config_path=None, reset_logging=False, scoring='bleu', seed=1, simul_type=None, source_lang='evn', srcdict='data_dict.128k.txt', suppress_crashes=False, target_lang='ru', task='translation', tensorboard_logdir=None, testpref='evenki_txt', tgtdict='data_dict.128k.txt', threshold_loss_scale=None, thresholdsrc=0, thresholdtgt=0, tokenizer=None, tpu=False, trainpref=None, use_plasma_view=False, user_dir=None, validpref=None, wandb_project=None, workers=1)
[evn] Dictionary: 128011 types
[evn] evenki_txt.evn: 206 sents, 2485 tokens, 0.0% replaced (by <unk>)
Wrote preprocessed data to data_bin
Namespace(aim_repo=None, aim_run_hash=None, align_suffix=None, alignfile=None, all_gather_list_size=16384, amp=False, amp_batch_retries=2, amp_init_scale=128, amp_scale_window=None, azureml_logging=False, bf16=False, bpe=None, cpu=False, criterion='cross_entropy', dataset_impl='mmap', destdir='data_bin', dict_only=False, empty_cache_freq=0, fp16=False, fp16_init_scale=128, fp16_no_flatten_grads=False, fp16_scale_tolerance=0.0, fp16_scale_window=None, joined_dictionary=False, log_file=None, log_format=None, log_interval=100, lr_scheduler='fixed', memory_efficient_bf16=False, memory_efficient_fp16=False, min_loss_scale=0.0001, model_parallel_size=1, no_progress_bar=False, nwordssrc=-1, nwordstgt=-1, on_cpu_convert_precision=False, only_source=True, optimizer=None, padding_factor=8, plasma_path='/tmp/plasma', profile=False, quantization_config_path=None, reset_logging=False, scoring='bleu', seed=1, simul_type=None, source_lang='mhr', srcdict='data_dict.128k.txt', suppress_crashes=False, target_lang='ru', task='translation', tensorboard_logdir=None, testpref='mari_txt', tgtdict='data_dict.128k.txt', threshold_loss_scale=None, thresholdsrc=0, thresholdtgt=0, tokenizer=None, tpu=False, trainpref=None, use_plasma_view=False, user_dir=None, validpref=None, wandb_project=None, workers=1)
[mhr] Dictionary: 128011 types
[mhr] mari_txt.mhr: 214 sents, 2294 tokens, 0.0% replaced (by <unk>)
Wrote preprocessed data to data_bin
Namespace(aim_repo=None, aim_run_hash=None, align_suffix=None, alignfile=None, all_gather_list_size=16384, amp=False, amp_batch_retries=2, amp_init_scale=128, amp_scale_window=None, azureml_logging=False, bf16=False, bpe=None, cpu=False, criterion='cross_entropy', dataset_impl='mmap', destdir='data_bin', dict_only=False, empty_cache_freq=0, fp16=False, fp16_init_scale=128, fp16_no_flatten_grads=False, fp16_scale_tolerance=0.0, fp16_scale_window=None, joined_dictionary=False, log_file=None, log_format=None, log_interval=100, lr_scheduler='fixed', memory_efficient_bf16=False, memory_efficient_fp16=False, min_loss_scale=0.0001, model_parallel_size=1, no_progress_bar=False, nwordssrc=-1, nwordstgt=-1, on_cpu_convert_precision=False, only_source=True, optimizer=None, padding_factor=8, plasma_path='/tmp/plasma', profile=False, quantization_config_path=None, reset_logging=False, scoring='bleu', seed=1, simul_type=None, source_lang='evn', srcdict='data_dict.128k.txt', suppress_crashes=False, target_lang='ru', task='translation', tensorboard_logdir=None, testpref='evenki_txt', tgtdict='data_dict.128k.txt', threshold_loss_scale=None, thresholdsrc=0, thresholdtgt=0, tokenizer=None, tpu=False, trainpref=None, use_plasma_view=False, user_dir=None, validpref=None, wandb_project=None, workers=1)
[evn] Dictionary: 128011 types
[evn] evenki_txt.evn: 206 sents, 2485 tokens, 0.0% replaced (by <unk>)
Wrote preprocessed data to data_bin
Namespace(aim_repo=None, aim_run_hash=None, align_suffix=None, alignfile=None, all_gather_list_size=16384, amp=False, amp_batch_retries=2, amp_init_scale=128, amp_scale_window=None, azureml_logging=False, bf16=False, bpe=None, cpu=False, criterion='cross_entropy', dataset_impl='mmap', destdir='data_bin', dict_only=False, empty_cache_freq=0, fp16=False, fp16_init_scale=128, fp16_no_flatten_grads=False, fp16_scale_tolerance=0.0, fp16_scale_window=None, joined_dictionary=False, log_file=None, log_format=None, log_interval=100, lr_scheduler='fixed', memory_efficient_bf16=False, memory_efficient_fp16=False, min_loss_scale=0.0001, model_parallel_size=1, no_progress_bar=False, nwordssrc=-1, nwordstgt=-1, on_cpu_convert_precision=False, only_source=True, optimizer=None, padding_factor=8, plasma_path='/tmp/plasma', profile=False, quantization_config_path=None, reset_logging=False, scoring='bleu', seed=1, simul_type=None, source_lang='mhr', srcdict='data_dict.128k.txt', suppress_crashes=False, target_lang='ru', task='translation', tensorboard_logdir=None, testpref='mari_txt', tgtdict='data_dict.128k.txt', threshold_loss_scale=None, thresholdsrc=0, thresholdtgt=0, tokenizer=None, tpu=False, trainpref=None, use_plasma_view=False, user_dir=None, validpref=None, wandb_project=None, workers=1)
[mhr] Dictionary: 128011 types
[mhr] mari_txt.mhr: 214 sents, 2294 tokens, 0.0% replaced (by <unk>)
Wrote preprocessed data to data_bin
Namespace(aim_repo=None, aim_run_hash=None, align_suffix=None, alignfile=None, all_gather_list_size=16384, amp=False, amp_batch_retries=2, amp_init_scale=128, amp_scale_window=None, azureml_logging=False, bf16=False, bpe=None, cpu=False, criterion='cross_entropy', dataset_impl='mmap', destdir='data_bin', dict_only=False, empty_cache_freq=0, fp16=False, fp16_init_scale=128, fp16_no_flatten_grads=False, fp16_scale_tolerance=0.0, fp16_scale_window=None, joined_dictionary=False, log_file=None, log_format=None, log_interval=100, lr_scheduler='fixed', memory_efficient_bf16=False, memory_efficient_fp16=False, min_loss_scale=0.0001, model_parallel_size=1, no_progress_bar=False, nwordssrc=-1, nwordstgt=-1, on_cpu_convert_precision=False, only_source=True, optimizer=None, padding_factor=8, plasma_path='/tmp/plasma', profile=False, quantization_config_path=None, reset_logging=False, scoring='bleu', seed=1, simul_type=None, source_lang='xas', srcdict='xas_data_dict.128k.txt', suppress_crashes=False, target_lang='ru', task='translation', tensorboard_logdir=None, testpref='xas_txt', tgtdict='xas_data_dict.128k.txt', threshold_loss_scale=None, thresholdsrc=0, thresholdtgt=0, tokenizer=None, tpu=False, trainpref=None, use_plasma_view=False, user_dir=None, validpref=None, wandb_project=None, workers=1)
[xas] Dictionary: 128013 types
[xas] xas_txt.xas: 214 sents, 2447 tokens, 0.245% replaced (by <unk>)
Wrote preprocessed data to data_bin
